./admin/admin.php
./admin/language/lang-english.php
./admin/language/lang-german.php
./admin/language/lang-polish.php
./admin/language/lang-russian.php
./admin/links/links.admins.php
./admin/links/links.blocks.php
./admin/links/links.categories.php
./admin/links/links.comments.php
./admin/links/links.database.php
./admin/links/links.editor.php
./admin/links/links.fields.php
./admin/links/links.groups.php
./admin/links/links.lang.php
./admin/links/links.messages.php
./admin/links/links.modules.php
./admin/links/links.newsletter.php
./admin/links/links.ratings.php
./admin/links/links.referers.php
./admin/links/links.rss.php
./admin/links/links.security.php
./admin/links/links.settings.php
./admin/links/links.style.php
./admin/links/links.template.php
./admin/links/links.uploads.php
./admin/links/links.users.php
./admin/modules/admins.php
./admin/modules/blocks.php
./admin/modules/categories.php
./admin/modules/comments.php
./admin/modules/database.php
./admin/modules/editor.php
./admin/modules/fields.php
./admin/modules/groups.php
./admin/modules/lang.php
./admin/modules/messages.php
./admin/modules/modules.php
./admin/modules/newsletter.php
./admin/modules/ratings.php
./admin/modules/referers.php
./admin/modules/rss.php
./admin/modules/security.php
./admin/modules/settings.php
./admin/modules/style.php
./admin/modules/template.php
./admin/modules/uploads.php
./admin/modules/users.php
./admin.php
./ajax.php
./blocks/block-album.php
./blocks/block-auto_links.php
./blocks/block-banner_random.php
./blocks/block-center_media.php
./blocks/block-center.php
./blocks/block-center_plus.php
./blocks/block-ddd.php
./blocks/block-faq.php
./blocks/block-files.php
./blocks/block-Forum.php
./blocks/block-Html_Content.php
./blocks/block-idplikow.php
./blocks/block-infog.php
./blocks/block-ipb_center_forum.php
./blocks/block-jokes.php
./blocks/block-keywords.php
./blocks/block-keywords_search.php
./blocks/block-languages.php
./blocks/block-links.php
./blocks/block-login.php
./blocks/block-menu-main.php
./blocks/block-menu.php
./blocks/block-modules.php
./blocks/block-pages.php
./blocks/block-reklamag.php
./blocks/block-search.php
./blocks/block-shoutbox.php
./blocks/block-static.php
./blocks/block-user_info.php
./blocks/block-voting.php
./blocks/block-voting_random.php
./blocks/block-wr.php
./class.youtube.php
./config/config_album.php
./config/config_auto_links.php
./config/config_comments.php
./config/config_contact.php
./config/config_faq.php
./config/config_fields.php
./config/config_files.php
./config/config_forum.php
./config/config_function.php
./config/config_global.php
./config/config_header.php
./config/config_help.php
./config/config_internet_radio.php
./config/config_jokes.php
./config/config_links.php
./config/config_media.php
./config/config_minichat_bb.php
./config/config_minichat_bot.php
./config/config_minichat.php
./config/config_news.php
./config/config_order.php
./config/config_pages.php
./config/config.php
./config/config_ratings.php
./config/config_rewrite.php
./config/config_rss.php
./config/config_secure.php
./config/config_security.php
./config/config_shop.php
./config/config_uploads.php
./config/config_users.php
./config/config_voting.php
./config/config_whois.php
./forum_backend2.php
./forum_backend.php
./function/admin.php
./function/ajax_class.php
./function/forum.php
./function/function.php
./function/geo_ip.php
./function/mysql.php
./function/no-cache.php
./function/old_filters.php
./function/secure.php
./function/security.php
./function/template.php
./function/user.php
./header.php
./index.php
./language/lang-english.php
./language/lang-german.php
./language/lang-polish.php
./language/lang-russian.php
./modules/account/index.php
./modules/account/language/lang-english.php
./modules/account/language/lang-german.php
./modules/account/language/lang-polish.php
./modules/account/language/lang-russian.php
./modules/album/admin/createmedia.php
./modules/album/admin/deletecategory.php
./modules/album/admin/editallcategories.php
./modules/album/admin/editalltemplates.php
./modules/album/admin/editcategory.php
./modules/album/admin/editmedia.php
./modules/album/admin/editmediatypes.php
./modules/album/admin/edittemplate.php
./modules/album/admin/fileFunctions.php
./modules/album/admin/index.php
./modules/album/admin/language/lang-english.php
./modules/album/admin/language/lang-german.php
./modules/album/admin/language/lang-polish.php
./modules/album/admin/language/lang-russian.php
./modules/album/admin/links.php
./modules/album/admin/maineditmedia.php
./modules/album/admin/movecategory.php
./modules/album/admin/postcardverz.php
./modules/album/admin/quickaddmedia.php
./modules/album/admin/settings.php
./modules/album/admin/validnewmedia.php
./modules/album/copyright.php
./modules/album/index.php
./modules/album/language/lang-english.php
./modules/album/language/lang-german.php
./modules/album/language/lang-polish.php
./modules/album/language/lang-russian.php
./modules/album/public/displayCategory.php
./modules/album/public/displayMedia.php
./modules/album/public/displayTop.php
./modules/album/public/imageFunctions.php
./modules/album/public/mainGallery.php
./modules/album/public/search.php
./modules/album/public/uploadFile.php
./modules/auto_links/admin/index.php
./modules/auto_links/admin/language/lang-english.php
./modules/auto_links/admin/language/lang-german.php
./modules/auto_links/admin/language/lang-polish.php
./modules/auto_links/admin/language/lang-russian.php
./modules/auto_links/admin/links.php
./modules/auto_links/index.php
./modules/auto_links/language/lang-english.php
./modules/auto_links/language/lang-german.php
./modules/auto_links/language/lang-polish.php
./modules/auto_links/language/lang-russian.php
./modules/beta_zarejestruj/index.php
./modules/bramka_proxy/index.php
./modules/bramka_sms/index.php
./modules/contact/admin/index.php
./modules/contact/admin/language/lang-english.php
./modules/contact/admin/language/lang-german.php
./modules/contact/admin/language/lang-polish.php
./modules/contact/admin/language/lang-russian.php
./modules/contact/admin/links.php
./modules/contact/index.php
./modules/contact/language/lang-english.php
./modules/contact/language/lang-german.php
./modules/contact/language/lang-polish.php
./modules/contact/language/lang-russian.php
./modules/content/admin/index.php
./modules/content/admin/language/lang-polish.php
./modules/content/admin/links.php
./modules/content/index.php
./modules/dotacja/index.php
./modules/dumper/index.php
./modules/faq/admin/index.php
./modules/faq/admin/language/lang-english.php
./modules/faq/admin/language/lang-german.php
./modules/faq/admin/language/lang-polish.php
./modules/faq/admin/language/lang-russian.php
./modules/faq/admin/links.php
./modules/faq/index.php
./modules/faq/language/lang-english.php
./modules/faq/language/lang-german.php
./modules/faq/language/lang-polish.php
./modules/faq/language/lang-russian.php
./modules/fckeditor/editor/dialog/fck_spellerpages/spellerpages/server-scripts/spellchecker.php
./modules/fckeditor/editor/filemanager/connectors/php/basexml.php
./modules/fckeditor/editor/filemanager/connectors/php/commands.php
./modules/fckeditor/editor/filemanager/connectors/php/config.php
./modules/fckeditor/editor/filemanager/connectors/php/connector.php
./modules/fckeditor/editor/filemanager/connectors/php/io.php
./modules/fckeditor/editor/filemanager/connectors/php/phpcompat.php
./modules/fckeditor/editor/filemanager/connectors/php/upload.php
./modules/fckeditor/editor/filemanager/connectors/php/util.php
./modules/fckeditor/fckeditor.php
./modules/fckeditor/fckeditor_php4.php
./modules/fckeditor/fckeditor_php5.php
./modules/files/admin/index.php
./modules/files/admin/language/lang-english.php
./modules/files/admin/language/lang-german.php
./modules/files/admin/language/lang-polish.php
./modules/files/admin/language/lang-russian.php
./modules/files/admin/links.php
./modules/files/index.php
./modules/files/language/lang-english.php
./modules/files/language/lang-german.php
./modules/files/language/lang-polish.php
./modules/files/language/lang-russian.php
./modules/forums/admin/function/functions_cats.php
./modules/forums/admin/function/functions_forums.php
./modules/forums/admin/function/functions_moders.php
./modules/forums/admin/index.php
./modules/forums/admin/language/lang-polish.php
./modules/forums/admin/language/lang-russian.php
./modules/forums/admin/links.php
./modules/forums/copyright.php
./modules/forums/function/bbcodes.php
./modules/forums/function/forum_error.php
./modules/forums/function/forum_main.php
./modules/forums/function/forum_moder.php
./modules/forums/function/forum_post.php
./modules/forums/function/forum_topic.php
./modules/forums/function/function.php
./modules/forums/function/template.php
./modules/forums/index.php
./modules/forums/language/lang-polish.php
./modules/forums/language/lang-russian.php
./modules/generator_hasla/index.php
./modules/generator_wirusa/index.php
./modules/help/admin/index.php
./modules/help/admin/language/lang-english.php
./modules/help/admin/language/lang-german.php
./modules/help/admin/language/lang-polish.php
./modules/help/admin/language/lang-russian.php
./modules/help/admin/links.php
./modules/help/index.php
./modules/help/language/lang-english.php
./modules/help/language/lang-german.php
./modules/help/language/lang-polish.php
./modules/help/language/lang-russian.php
./modules/internet_radio/admin/index.php
./modules/internet_radio/admin/language/lang-english.php
./modules/internet_radio/admin/language/lang-german.php
./modules/internet_radio/admin/language/lang-polish.php
./modules/internet_radio/admin/language/lang-russian.php
./modules/internet_radio/admin/links.php
./modules/internet_radio/index.php
./modules/internet_radio/language/lang-english.php
./modules/internet_radio/language/lang-german.php
./modules/internet_radio/language/lang-polish.php
./modules/internet_radio/language/lang-russian.php
./modules/jaka_siec/index.php
./modules/jak_szybko_piszesz/index.php
./modules/jokes/admin/index.php
./modules/jokes/admin/language/lang-english.php
./modules/jokes/admin/language/lang-german.php
./modules/jokes/admin/language/lang-polish.php
./modules/jokes/admin/language/lang-russian.php
./modules/jokes/admin/links.php
./modules/jokes/index.php
./modules/jokes/language/lang-english.php
./modules/jokes/language/lang-german.php
./modules/jokes/language/lang-polish.php
./modules/jokes/language/lang-russian.php
./modules/koder_dekoder/index.php
./modules/links/admin/index.php
./modules/links/admin/language/lang-english.php
./modules/links/admin/language/lang-german.php
./modules/links/admin/language/lang-polish.php
./modules/links/admin/language/lang-russian.php
./modules/links/admin/links.php
./modules/links/index.php
./modules/links/language/lang-english.php
./modules/links/language/lang-german.php
./modules/links/language/lang-polish.php
./modules/links/language/lang-russian.php
./modules/mail_bomber/index.php
./modules/mapa_strony/index.php
./modules/media/admin/index.php
./modules/media/admin/language/lang-english.php
./modules/media/admin/language/lang-german.php
./modules/media/admin/language/lang-polish.php
./modules/media/admin/language/lang-russian.php
./modules/media/admin/links.php
./modules/media/index.php
./modules/media/language/lang-english.php
./modules/media/language/lang-german.php
./modules/media/language/lang-polish.php
./modules/media/language/lang-russian.php
./modules/Minichat/ad/index.php
./modules/Minichat/ad/language/lang-polish.php
./modules/Minichat/ad/language/lang-russian.php
./modules/Minichat/ad/links.php
./modules/Minichat/copyright.php
./modules/Minichat/index.php
./modules/Minichat/language/lang-polish.php
./modules/Minichat/language/lang-russian.php
./modules/namierz_ip/index.php
./modules/news/admin/index.php
./modules/news/admin/language/lang-english.php
./modules/news/admin/language/lang-german.php
./modules/news/admin/language/lang-polish.php
./modules/news/admin/language/lang-russian.php
./modules/news/admin/links.php
./modules/news/index.php
./modules/news/language/lang-english.php
./modules/news/language/lang-german.php
./modules/news/language/lang-polish.php
./modules/news/language/lang-russian.php
./modules/nieprawidlowy_kod/index.php
./modules/order/admin/index.php
./modules/order/admin/language/lang-english.php
./modules/order/admin/language/lang-german.php
./modules/order/admin/language/lang-polish.php
./modules/order/admin/language/lang-russian.php
./modules/order/admin/links.php
./modules/order/index.php
./modules/order/language/lang-english.php
./modules/order/language/lang-german.php
./modules/order/language/lang-polish.php
./modules/order/language/lang-russian.php
./modules/ostatnio_dodane_tematy/index.php
./modules/pages/admin/index.php
./modules/pages/admin/language/lang-english.php
./modules/pages/admin/language/lang-german.php
./modules/pages/admin/language/lang-polish.php
./modules/pages/admin/language/lang-russian.php
./modules/pages/admin/links.php
./modules/pages/index.php
./modules/pages/language/lang-english.php
./modules/pages/language/lang-german.php
./modules/pages/language/lang-polish.php
./modules/pages/language/lang-russian.php
./modules/podaj_poprawny_kod/index.php
./modules/przelew/index.php
./modules/przewodnik/index.php
./modules/recommend/index.php
./modules/recommend/language/lang-english.php
./modules/recommend/language/lang-german.php
./modules/recommend/language/lang-polish.php
./modules/recommend/language/lang-russian.php
./modules/rejestracja/index.php
./modules/rot13/index.php
./modules/rss_info/index.php
./modules/rss_info/language/lang-english.php
./modules/rss_info/language/lang-german.php
./modules/rss_info/language/lang-polish.php
./modules/rss_info/language/lang-russian.php
./modules/search/index.php
./modules/search/language/lang-english.php
./modules/search/language/lang-german.php
./modules/search/language/lang-polish.php
./modules/search/language/lang-russian.php
./modules/shop/admin/index.php
./modules/shop/admin/language/lang-english.php
./modules/shop/admin/language/lang-german.php
./modules/shop/admin/language/lang-polish.php
./modules/shop/admin/language/lang-russian.php
./modules/shop/admin/links.php
./modules/shop/index.php
./modules/shop/language/lang-english.php
./modules/shop/language/lang-german.php
./modules/shop/language/lang-polish.php
./modules/shop/language/lang-russian.php
./modules/spaw2/class/config.class.php
./modules/spaw2/class/editor.class.php
./modules/spaw2/class/lang.class.php
./modules/spaw2/class/output.class.php
./modules/spaw2/class/theme.class.php
./modules/spaw2/class/toolbar.class.php
./modules/spaw2/class/util.class.php
./modules/spaw2/config/config.php
./modules/spaw2/dialogs/dialog.php
./modules/spaw2/js/spaw.js.php
./modules/spaw2/plugins/core/dialogs/colorpicker.inc.php
./modules/spaw2/plugins/core/dialogs/flash_prop.inc.php
./modules/spaw2/plugins/core/dialogs/hyperlink.inc.php
./modules/spaw2/plugins/core/dialogs/image_prop.inc.php
./modules/spaw2/plugins/core/dialogs/table_cell_prop.inc.php
./modules/spaw2/plugins/core/dialogs/table_prop.inc.php
./modules/spaw2/plugins/core/lib/lang/ar.lang.inc.php
./modules/spaw2/plugins/core/lib/lang/az.lang.inc.php
./modules/spaw2/plugins/core/lib/lang/bg.lang.inc.php
./modules/spaw2/plugins/core/lib/lang/br.lang.inc.php
./modules/spaw2/plugins/core/lib/lang/ca.lang.inc.php
./modules/spaw2/plugins/core/lib/lang/cz.lang.inc.php
./modules/spaw2/plugins/core/lib/lang/de.lang.inc.php
./modules/spaw2/plugins/core/lib/lang/dk.lang.inc.php
./modules/spaw2/plugins/core/lib/lang/en.lang.inc.php
./modules/spaw2/plugins/core/lib/lang/es.lang.inc.php
./modules/spaw2/plugins/core/lib/lang/et.lang.inc.php
./modules/spaw2/plugins/core/lib/lang/fi.lang.inc.php
./modules/spaw2/plugins/core/lib/lang/fr.lang.inc.php
./modules/spaw2/plugins/core/lib/lang/gr.lang.inc.php
./modules/spaw2/plugins/core/lib/lang/gz.lang.inc.php
./modules/spaw2/plugins/core/lib/lang/he.lang.inc.php
./modules/spaw2/plugins/core/lib/lang/hr.lang.inc.php
./modules/spaw2/plugins/core/lib/lang/hu.lang.inc.php
./modules/spaw2/plugins/core/lib/lang/it.lang.inc.php
./modules/spaw2/plugins/core/lib/lang/ja.lang.inc.php
./modules/spaw2/plugins/core/lib/lang/lt.lang.inc.php
./modules/spaw2/plugins/core/lib/lang/lv.lang.inc.php
./modules/spaw2/plugins/core/lib/lang/nl.lang.inc.php
./modules/spaw2/plugins/core/lib/lang/no.lang.inc.php
./modules/spaw2/plugins/core/lib/lang/pl.lang.inc.php
./modules/spaw2/plugins/core/lib/lang/pt.lang.inc.php
./modules/spaw2/plugins/core/lib/lang/ru.lang.inc.php
./modules/spaw2/plugins/core/lib/lang/se.lang.inc.php
./modules/spaw2/plugins/core/lib/lang/si.lang.inc.php
./modules/spaw2/plugins/core/lib/lang/sk.lang.inc.php
./modules/spaw2/plugins/core/lib/lang/sr.lang.inc.php
./modules/spaw2/plugins/core/lib/lang/tr.lang.inc.php
./modules/spaw2/plugins/core/lib/lang/uk.lang.inc.php
./modules/spaw2/plugins/core/lib/lang/vn.lang.inc.php
./modules/spaw2/plugins/core/lib/lang/zh-big5.lang.inc.php
./modules/spaw2/plugins/core/lib/lang/zh-gb2312.lang.inc.php
./modules/spaw2/plugins/core/lib/theme/spaw2/config/theme.config.php
./modules/spaw2/plugins/core/lib/toolbars/edit.toolbar.php
./modules/spaw2/plugins/core/lib/toolbars/font.toolbar.php
./modules/spaw2/plugins/core/lib/toolbars/format_mini.toolbar.php
./modules/spaw2/plugins/core/lib/toolbars/format.toolbar.php
./modules/spaw2/plugins/core/lib/toolbars/insert.toolbar.php
./modules/spaw2/plugins/core/lib/toolbars/mode_strip.toolbar.php
./modules/spaw2/plugins/core/lib/toolbars/style.toolbar.php
./modules/spaw2/plugins/core/lib/toolbars/table.toolbar.php
./modules/spaw2/plugins/core/lib/toolbars/tools.toolbar.php
./modules/spaw2/plugins/spawfm/class/spawfm.class.php
./modules/spaw2/plugins/spawfm/config/config.php
./modules/spaw2/plugins/spawfm/dialogs/spawfm.inc.php
./modules/spaw2/plugins/spawfm/lib/lang/ar.lang.inc.php
./modules/spaw2/plugins/spawfm/lib/lang/bg.lang.inc.php
./modules/spaw2/plugins/spawfm/lib/lang/cz.lang.inc.php
./modules/spaw2/plugins/spawfm/lib/lang/de.lang.inc.php
./modules/spaw2/plugins/spawfm/lib/lang/en.lang.inc.php
./modules/spaw2/plugins/spawfm/lib/lang/fi.lang.inc.php
./modules/spaw2/plugins/spawfm/lib/lang/fr.lang.inc.php
./modules/spaw2/plugins/spawfm/lib/lang/hu.lang.inc.php
./modules/spaw2/plugins/spawfm/lib/lang/it.lang.inc.php
./modules/spaw2/plugins/spawfm/lib/lang/lt.lang.inc.php
./modules/spaw2/plugins/spawfm/lib/lang/nl.lang.inc.php
./modules/spaw2/plugins/spawfm/lib/lang/ru.lang.inc.php
./modules/spaw2/spaw_control.class.php
./modules/spaw2/spaw.inc.php
./modules/tester_lacza/index.php
./modules/test/index.php
./modules/tiny_mce/admin.php
./modules/tiny_mce/index.php
./modules/tiny_mce/language/lang-english.php
./modules/tiny_mce/language/lang-german.php
./modules/tiny_mce/language/lang-russian.php
./modules/top_users/index.php
./modules/top_users/language/lang-english.php
./modules/top_users/language/lang-german.php
./modules/top_users/language/lang-polish.php
./modules/top_users/language/lang-russian.php
./modules/VIP/index.php
./modules/voting/admin/index.php
./modules/voting/admin/language/lang-english.php
./modules/voting/admin/language/lang-german.php
./modules/voting/admin/language/lang-polish.php
./modules/voting/admin/language/lang-russian.php
./modules/voting/admin/links.php
./modules/voting/index.php
./modules/voting/language/lang-english.php
./modules/voting/language/lang-german.php
./modules/voting/language/lang-polish.php
./modules/voting/language/lang-russian.php
./modules/wiadomosci/admin/index.php
./modules/wiadomosci/admin/language/lang-polish.php
./modules/wiadomosci/admin/language/lang-russian.php
./modules/wiadomosci/admin/links.php
./modules/wiadomosci/copyright.php
./modules/wiadomosci/index.php
./modules/wiadomosci/language/lang-polish.php
./modules/wiadomosci/language/lang-russian.php
./modules/wrzuta_downloader/download.php
./modules/wrzuta_downloader/index.php
./modules/youtube_downloader/class.youtube.php
./modules/youtube_downloader/download.php
./modules/youtube_downloader/index.php
./modules/zarejestruj/index.php
./paint/buttons/gramik.pl.php
./paint/cursors/gramik.pl.php
./paint/gramik.pl.php
./paint/icons/gramik.pl.php
./paint/save.php
./proxy/config.php
./proxy/index.inc.php
./proxy/index.php
./proxy/qindex.php
./rss.php
./search.php
./sms/admin/admin.php
./sms/admin/domena.php
./sms/admin/help.php
./sms/admin/index.php
./sms/admin/info.php
./sms/admin/kontakt.php
./sms/admin/link.php
./sms/admin/name.php
./sms/admin/padmin.php
./sms/admin/phone.php
./sms/admin/phpinfo.php
./sms/admin/serwer.php
./sms/admin/settings.php
./sms/admin/sett.php
./sms/admin/statistics.php
./sms/admin/stats.php
./sms/admin/title.php
./sms/admin/update.php
./sms/admin/whelp.php
./sms/admin/zadmin.php
./sms/admin/zphone.php
./sms/config.php
./sms/kontakt.php
./sms/onas.php
./sms/reg.php
./sms/send.php
./sms/statistics.php
./sms/stats.php
./sprawdzacz.php
./sprawdz.php
./templates/admin/index.php
./uploads/media/aa.php
./uploads/media/a.php
./uploads/news/error.php
./admin/index.html
./admin/language/index.html
./admin/links/index.html
./admin/modules/index.html
./ai/artykuly.html
./ai/historia.html
./ai/index.html
./ai/kup.html
./ai/news1.html
./ai/news2.html
./ajax/calendar/index.html
./ajax/calendar/lang/index.html
./ajax/index.html
./blocks/index.html
./config/cache/index.html
./config/counter/index.html
./config/font/index.html
./config/index.html
./config/logs/index.html
./function/index.html
./images/account/index.html
./images/admin/index.html
./images/all/index.html
./images/banners/index.html
./images/banners/random/index.html
./images/categories/index.html
./images/editor/index.html
./images/index.html
./images/language/index.html
./images/logos/index.html
./images/mime/index.html
./images/misc/index.html
./images/ranks/index.html
./index.html
./language/index.html
./modules/account/language/index.html
./modules/album/admin/index.html
./modules/album/admin/language/index.html
./modules/album/album/demo/index.html
./modules/album/album/demo/thumb/index.html
./modules/album/album/index.html
./modules/album/images/index.html
./modules/album/language/index.html
./modules/album/public/index.html
./modules/album/temp/index.html
./modules/auto_links/admin/index.html
./modules/auto_links/admin/language/index.html
./modules/auto_links/language/index.html
./modules/contact/admin/index.html
./modules/contact/admin/language/index.html
./modules/contact/language/index.html
./modules/content/admin/index.html
./modules/dumper/backup/index.html
./modules/faq/admin/index.html
./modules/faq/admin/language/index.html
./modules/faq/language/index.html
./modules/fckeditor/editor/dialog/fck_about.html
./modules/fckeditor/editor/dialog/fck_anchor.html
./modules/fckeditor/editor/dialog/fck_button.html
./modules/fckeditor/editor/dialog/fck_checkbox.html
./modules/fckeditor/editor/dialog/fck_colorselector.html
./modules/fckeditor/editor/dialog/fck_docprops/fck_document_preview.html
./modules/fckeditor/editor/dialog/fck_docprops.html
./modules/fckeditor/editor/dialog/fck_flash/fck_flash_preview.html
./modules/fckeditor/editor/dialog/fck_flash.html
./modules/fckeditor/editor/dialog/fck_form.html
./modules/fckeditor/editor/dialog/fck_hiddenfield.html
./modules/fckeditor/editor/dialog/fck_image/fck_image_preview.html
./modules/fckeditor/editor/dialog/fck_image.html
./modules/fckeditor/editor/dialog/fck_link.html
./modules/fckeditor/editor/dialog/fck_listprop.html
./modules/fckeditor/editor/dialog/fck_paste.html
./modules/fckeditor/editor/dialog/fck_radiobutton.html
./modules/fckeditor/editor/dialog/fck_replace.html
./modules/fckeditor/editor/dialog/fck_select.html
./modules/fckeditor/editor/dialog/fck_smiley.html
./modules/fckeditor/editor/dialog/fck_source.html
./modules/fckeditor/editor/dialog/fck_specialchar.html
./modules/fckeditor/editor/dialog/fck_spellerpages.html
./modules/fckeditor/editor/dialog/fck_spellerpages/spellerpages/blank.html
./modules/fckeditor/editor/dialog/fck_spellerpages/spellerpages/controls.html
./modules/fckeditor/editor/dialog/fck_spellerpages/spellerpages/spellchecker.html
./modules/fckeditor/editor/dialog/fck_tablecell.html
./modules/fckeditor/editor/dialog/fck_table.html
./modules/fckeditor/editor/dialog/fck_template.html
./modules/fckeditor/editor/dialog/fck_textarea.html
./modules/fckeditor/editor/dialog/fck_textfield.html
./modules/fckeditor/editor/dtd/fck_dtd_test.html
./modules/fckeditor/editor/fckdebug.html
./modules/fckeditor/editor/fckdialog.html
./modules/fckeditor/editor/fckeditor.html
./modules/fckeditor/editor/fckeditor.original.html
./modules/fckeditor/editor/filemanager/browser/default/browser.html
./modules/fckeditor/editor/filemanager/browser/default/frmactualfolder.html
./modules/fckeditor/editor/filemanager/browser/default/frmcreatefolder.html
./modules/fckeditor/editor/filemanager/browser/default/frmfolders.html
./modules/fckeditor/editor/filemanager/browser/default/frmresourceslist.html
./modules/fckeditor/editor/filemanager/browser/default/frmresourcetype.html
./modules/fckeditor/editor/filemanager/browser/default/frmupload.html
./modules/fckeditor/editor/plugins/bbcode/_sample/sample.html
./modules/fckeditor/editor/plugins/placeholder/fck_placeholder.html
./modules/fckeditor/editor/skins/_fckviewstrips.html
./modules/fckeditor/index.html
./modules/files/admin/index.html
./modules/files/admin/language/index.html
./modules/files/language/index.html
./modules/forums/admin/function/index.html
./modules/forums/admin/index.html
./modules/forums/admin/language/index.html
./modules/forums/function/index.html
./modules/forums/jscripts/index.html
./modules/forums/language/index.html
./modules/forums/style/Celestial/button/index.html
./modules/forums/style/Celestial/cblock/index.html
./modules/forums/style/Celestial/index.html
./modules/forums/style/Celestial/warn/index.html
./modules/forums/style/index.html
./modules/help/admin/index.html
./modules/help/admin/language/index.html
./modules/help/language/index.html
./modules/help/sql/index.html
./modules/index.html
./modules/internet_radio/admin/index.html
./modules/internet_radio/admin/language/index.html
./modules/internet_radio/images/index.html
./modules/internet_radio/language/index.html
./modules/internet_radio/sql/index.html
./modules/jokes/admin/index.html
./modules/jokes/admin/language/index.html
./modules/jokes/language/index.html
./modules/links/admin/index.html
./modules/links/admin/language/index.html
./modules/links/language/index.html
./modules/media/admin/index.html
./modules/media/admin/language/index.html
./modules/media/language/index.html
./modules/Minichat/ad/index.html
./modules/Minichat/ad/language/index.html
./modules/Minichat/bottext/index.html
./modules/Minichat/language/index.html
./modules/news/admin/index.html
./modules/news/admin/language/index.html
./modules/news/language/index.html
./modules/news/sql/index.html
./modules/order/admin/index.html
./modules/order/admin/language/index.html
./modules/order/language/index.html
./modules/order/sql/index.html
./modules/pages/admin/index.html
./modules/pages/admin/language/index.html
./modules/pages/language/index.html
./modules/recommend/language/index.html
./modules/rss_info/language/index.html
./modules/search/language/index.html
./modules/shop/admin/index.html
./modules/shop/admin/language/index.html
./modules/shop/language/index.html
./modules/spaw2/docs/documentation/integrators.html
./modules/spaw2/docs/documentation/plugins.html
./modules/spaw2/empty/empty.html
./modules/spaw2/index.html
./modules/tiny_mce/index.html
./modules/tiny_mce/language/index.html
./modules/tiny_mce/plugins/preview/example.html
./modules/top_users/language/index.html
./modules/voting/admin/index.html
./modules/voting/admin/language/index.html
./modules/voting/language/index.html
./modules/wiadomosci/admin/index.html
./modules/wiadomosci/admin/language/index.html
./modules/wiadomosci/bottext/index.html
./modules/wiadomosci/language/index.html
./paint/index.html
./poczta/index.html
./reklama/index.html
./sms/dummy.html
./sms/email.html
./sms/index.html
./templates/admin/basic.html
./templates/admin/block-left.html
./templates/admin/images/cblock/index.html
./templates/admin/images/editor/index.html
./templates/admin/images/enter/index.html
./templates/admin/images/index.html
./templates/admin/index-home.html
./templates/admin/index.html
./templates/admin/panel-admin.html
./templates/admin/panel-modul.html
./templates/admin/table-close.html
./templates/admin/table-open.html
./templates/admin/title.html
./templates/admin/warning.html
./templates/index.html
./templates/mhaker/basic-files-view.html
./templates/mhaker/basic-help-view.html
./templates/mhaker/basic.html
./templates/mhaker/basic-links-view.html
./templates/mhaker/basic-media-view.html
./templates/mhaker/basic-search.html
./templates/mhaker/basic-shop.html
./templates/mhaker/block-all.html
./templates/mhaker/block-center.html
./templates/mhaker/block-down.html
./templates/mhaker/block-left.html
./templates/mhaker/block-right.html
./templates/mhaker/comment.html
./templates/mhaker/images/editor/index.html
./templates/mhaker/images/index.html
./templates/mhaker/images/misc/index.html
./templates/mhaker/index.html
./templates/mhaker/message-box.html
./templates/mhaker/prints.html
./templates/mhaker/search-help.html
./templates/mhaker/search.html
./templates/mhaker/search-whois.html
./templates/mhaker/table-close.html
./templates/mhaker/table-open.html
./templates/mhaker/title.html
./templates/mhaker/warning.html
./uploads/account/index.html
./uploads/account/thumb/index.html
./uploads/all/index.html
./uploads/all/thumb/index.html
./uploads/auto_links/index.html
./uploads/auto_links/thumb/index.html
./uploads/avatars/1/index.html
./uploads/avatars/2/index.html
./uploads/avatars/3/index.html
./uploads/avatars/index.html
./uploads/avatars/thumb/index.html
./uploads/content/index.html
./uploads/content/thumb/index.html
./uploads/faq/index.html
./uploads/faq/thumb/index.html
./uploads/files/index.html
./uploads/files/public/index.html
./uploads/files/temp/index.html
./uploads/files/thumb/index.html
./uploads/forums/index.html
./uploads/forums/thumb/index.html
./uploads/help/index.html
./uploads/help/thumb/index.html
./uploads/index.html
./uploads/links/index.html
./uploads/links/thumb/index.html
./uploads/media/index.html
./uploads/media/thumb/index.html
./uploads/news/index.html
./uploads/news/logotyp/final/index.html
./uploads/news/logotyp/index.html
./uploads/news/thumb/index.html
./uploads/pages/index.html
./uploads/pages/thumb/index.html
./uploads/shop/index.html
./uploads/shop/temp/index.html
./uploads/shop/thumb/index.html
./wirus/index.html
./ajax/ajax_class.js
./ajax/block_error.js
./ajax/calendar/calendar.js
./ajax/calendar/calendar-setup.js
./ajax/calendar/lang/calendar-de.js
./ajax/calendar/lang/calendar-en.js
./ajax/calendar/lang/calendar-ru.js
./ajax/dynamic_list.js
./ajax/ForumLastTopics.js
./ajax/global_func.js
./ajax/handler.js
./ajax/insert_code.js
./ajax/shop.js
./ajax/show_image.js
./ajax/SwitchMenu.js
./ajax/tool_box.js
./ajax/upload.js
./javascripts/InsertCode.js
./javascripts/window_message.js
./js/snow.js
./modules/fckeditor/editor/dialog/common/fck_dialog_common.js
./modules/fckeditor/editor/dialog/fck_flash/fck_flash.js
./modules/fckeditor/editor/dialog/fck_image/fck_image.js
./modules/fckeditor/editor/dialog/fck_link/fck_link.js
./modules/fckeditor/editor/dialog/fck_select/fck_select.js
./modules/fckeditor/editor/dialog/fck_spellerpages/spellerpages/controlWindow.js
./modules/fckeditor/editor/dialog/fck_spellerpages/spellerpages/spellChecker.js
./modules/fckeditor/editor/dialog/fck_spellerpages/spellerpages/wordWindow.js
./modules/fckeditor/editor/dtd/fck_xhtml10strict.js
./modules/fckeditor/editor/dtd/fck_xhtml10transitional.js
./modules/fckeditor/editor/filemanager/browser/default/js/common.js
./modules/fckeditor/editor/filemanager/browser/default/js/fckxml.js
./modules/fckeditor/editor/js/fckeditorcode_gecko.js
./modules/fckeditor/editor/js/fckeditorcode_ie.js
./modules/fckeditor/editor/lang/af.js
./modules/fckeditor/editor/lang/ar.js
./modules/fckeditor/editor/lang/bg.js
./modules/fckeditor/editor/lang/bn.js
./modules/fckeditor/editor/lang/bs.js
./modules/fckeditor/editor/lang/ca.js
./modules/fckeditor/editor/lang/cs.js
./modules/fckeditor/editor/lang/da.js
./modules/fckeditor/editor/lang/de.js
./modules/fckeditor/editor/lang/el.js
./modules/fckeditor/editor/lang/en-au.js
./modules/fckeditor/editor/lang/en-ca.js
./modules/fckeditor/editor/lang/en.js
./modules/fckeditor/editor/lang/en-uk.js
./modules/fckeditor/editor/lang/eo.js
./modules/fckeditor/editor/lang/es.js
./modules/fckeditor/editor/lang/et.js
./modules/fckeditor/editor/lang/eu.js
./modules/fckeditor/editor/lang/fa.js
./modules/fckeditor/editor/lang/fi.js
./modules/fckeditor/editor/lang/fo.js
./modules/fckeditor/editor/lang/fr.js
./modules/fckeditor/editor/lang/gl.js
./modules/fckeditor/editor/lang/he.js
./modules/fckeditor/editor/lang/hi.js
./modules/fckeditor/editor/lang/hr.js
./modules/fckeditor/editor/lang/hu.js
./modules/fckeditor/editor/lang/it.js
./modules/fckeditor/editor/lang/ja.js
./modules/fckeditor/editor/lang/km.js
./modules/fckeditor/editor/lang/ko.js
./modules/fckeditor/editor/lang/lt.js
./modules/fckeditor/editor/lang/lv.js
./modules/fckeditor/editor/lang/mn.js
./modules/fckeditor/editor/lang/ms.js
./modules/fckeditor/editor/lang/nb.js
./modules/fckeditor/editor/lang/nl.js
./modules/fckeditor/editor/lang/no.js
./modules/fckeditor/editor/lang/pl.js
./modules/fckeditor/editor/lang/pt-br.js
./modules/fckeditor/editor/lang/pt.js
./modules/fckeditor/editor/lang/ro.js
./modules/fckeditor/editor/lang/ru.js
./modules/fckeditor/editor/lang/sk.js
./modules/fckeditor/editor/lang/sl.js
./modules/fckeditor/editor/lang/sr.js
./modules/fckeditor/editor/lang/sr-latn.js
./modules/fckeditor/editor/lang/sv.js
./modules/fckeditor/editor/lang/th.js
./modules/fckeditor/editor/lang/tr.js
./modules/fckeditor/editor/lang/uk.js
./modules/fckeditor/editor/lang/vi.js
./modules/fckeditor/editor/lang/zh-cn.js
./modules/fckeditor/editor/lang/zh.js
./modules/fckeditor/editor/plugins/autogrow/fckplugin.js
./modules/fckeditor/editor/plugins/bbcode/fckplugin.js
./modules/fckeditor/editor/plugins/bbcode/_sample/sample.config.js
./modules/fckeditor/editor/plugins/dragresizetable/fckplugin.js
./modules/fckeditor/editor/plugins/placeholder/fckplugin.js
./modules/fckeditor/editor/plugins/placeholder/lang/de.js
./modules/fckeditor/editor/plugins/placeholder/lang/en.js
./modules/fckeditor/editor/plugins/placeholder/lang/fr.js
./modules/fckeditor/editor/plugins/placeholder/lang/it.js
./modules/fckeditor/editor/plugins/placeholder/lang/pl.js
./modules/fckeditor/editor/plugins/simplecommands/fckplugin.js
./modules/fckeditor/editor/plugins/tablecommands/fckplugin.js
./modules/fckeditor/fckconfig.js
./modules/forums/jscripts/forums.js
./modules/forums/jscripts/sp-board.js
./modules/forums/jscripts/sp-polls.js
./modules/spaw2/js/common/color.js
./modules/spaw2/js/common/contextmenu.js
./modules/spaw2/js/common/editor.js
./modules/spaw2/js/common/editorpage.js
./modules/spaw2/js/common/engine.js
./modules/spaw2/js/common/entities.js
./modules/spaw2/js/common/events.js
./modules/spaw2/js/common/tab.js
./modules/spaw2/js/common/toolbar.js
./modules/spaw2/js/common/utils.js
./modules/spaw2/js/gecko/editor.js
./modules/spaw2/js/ie/editor.js
./modules/spaw2/js/opera/editor.js
./modules/spaw2/js/safari/editor.js
./modules/spaw2/plugins/core/dialogs/colorpicker.js
./modules/spaw2/plugins/core/dialogs/flash_prop.js
./modules/spaw2/plugins/core/dialogs/hyperlink.js
./modules/spaw2/plugins/core/dialogs/image_prop.js
./modules/spaw2/plugins/core/dialogs/table_cell_prop.js
./modules/spaw2/plugins/core/dialogs/table_prop.js
./modules/spaw2/plugins/core/js/common/format.js
./modules/spaw2/plugins/core/js/common/general.js
./modules/spaw2/plugins/core/js/common/insert.js
./modules/spaw2/plugins/core/js/common/mode.js
./modules/spaw2/plugins/core/js/common/table.js
./modules/spaw2/plugins/core/js/common/tools.js
./modules/spaw2/plugins/core/js/gecko/format_gecko.js
./modules/spaw2/plugins/core/js/ie/format_ie.js
./modules/spaw2/plugins/core/js/opera/format_opera.js
./modules/spaw2/plugins/core/js/safari/format_safari.js
./modules/spaw2/plugins/core/lib/theme/spaw2/js/common/spaw2.js
./modules/spaw2/plugins/spawfm/dialogs/spawfm.js
./modules/tiny_mce/langs/de.js
./modules/tiny_mce/langs/en.js
./modules/tiny_mce/langs/ru.js
./modules/tiny_mce/plugins/advhr/editor_plugin.js
./modules/tiny_mce/plugins/advhr/editor_plugin_src.js
./modules/tiny_mce/plugins/advhr/js/rule.js
./modules/tiny_mce/plugins/advhr/langs/de_dlg.js
./modules/tiny_mce/plugins/advhr/langs/en_dlg.js
./modules/tiny_mce/plugins/advhr/langs/ru_dlg.js
./modules/tiny_mce/plugins/advimage/editor_plugin.js
./modules/tiny_mce/plugins/advimage/editor_plugin_src.js
./modules/tiny_mce/plugins/advimage/js/image.js
./modules/tiny_mce/plugins/advimage/langs/de_dlg.js
./modules/tiny_mce/plugins/advimage/langs/en_dlg.js
./modules/tiny_mce/plugins/advimage/langs/ru_dlg.js
./modules/tiny_mce/plugins/advlink/editor_plugin.js
./modules/tiny_mce/plugins/advlink/editor_plugin_src.js
./modules/tiny_mce/plugins/advlink/js/advlink.js
./modules/tiny_mce/plugins/advlink/langs/de_dlg.js
./modules/tiny_mce/plugins/advlink/langs/en_dlg.js
./modules/tiny_mce/plugins/advlink/langs/ru_dlg.js
./modules/tiny_mce/plugins/autosave/editor_plugin.js
./modules/tiny_mce/plugins/autosave/editor_plugin_src.js
./modules/tiny_mce/plugins/bbcode/editor_plugin.js
./modules/tiny_mce/plugins/bbcode/editor_plugin_src.js
./modules/tiny_mce/plugins/compat2x/editor_plugin.js
./modules/tiny_mce/plugins/compat2x/editor_plugin_src.js
./modules/tiny_mce/plugins/contextmenu/editor_plugin.js
./modules/tiny_mce/plugins/contextmenu/editor_plugin_src.js
./modules/tiny_mce/plugins/directionality/editor_plugin.js
./modules/tiny_mce/plugins/directionality/editor_plugin_src.js
./modules/tiny_mce/plugins/emotions/editor_plugin.js
./modules/tiny_mce/plugins/emotions/editor_plugin_src.js
./modules/tiny_mce/plugins/emotions/js/emotions.js
./modules/tiny_mce/plugins/emotions/langs/de_dlg.js
./modules/tiny_mce/plugins/emotions/langs/en_dlg.js
./modules/tiny_mce/plugins/emotions/langs/ru_dlg.js
./modules/tiny_mce/plugins/example/editor_plugin.js
./modules/tiny_mce/plugins/example/editor_plugin_src.js
./modules/tiny_mce/plugins/example/js/dialog.js
./modules/tiny_mce/plugins/example/langs/en_dlg.js
./modules/tiny_mce/plugins/example/langs/en.js
./modules/tiny_mce/plugins/fullpage/editor_plugin.js
./modules/tiny_mce/plugins/fullpage/editor_plugin_src.js
./modules/tiny_mce/plugins/fullpage/js/fullpage.js
./modules/tiny_mce/plugins/fullpage/langs/de_dlg.js
./modules/tiny_mce/plugins/fullpage/langs/en_dlg.js
./modules/tiny_mce/plugins/fullpage/langs/ru_dlg.js
./modules/tiny_mce/plugins/fullscreen/editor_plugin.js
./modules/tiny_mce/plugins/fullscreen/editor_plugin_src.js
./modules/tiny_mce/plugins/iespell/editor_plugin.js
./modules/tiny_mce/plugins/iespell/editor_plugin_src.js
./modules/tiny_mce/plugins/inlinepopups/editor_plugin.js
./modules/tiny_mce/plugins/inlinepopups/editor_plugin_src.js
./modules/tiny_mce/plugins/insertdatetime/editor_plugin.js
./modules/tiny_mce/plugins/insertdatetime/editor_plugin_src.js
./modules/tiny_mce/plugins/layer/editor_plugin.js
./modules/tiny_mce/plugins/layer/editor_plugin_src.js
./modules/tiny_mce/plugins/media/editor_plugin.js
./modules/tiny_mce/plugins/media/editor_plugin_src.js
./modules/tiny_mce/plugins/media/js/embed.js
./modules/tiny_mce/plugins/media/js/media.js
./modules/tiny_mce/plugins/media/langs/de_dlg.js
./modules/tiny_mce/plugins/media/langs/en_dlg.js
./modules/tiny_mce/plugins/media/langs/ru_dlg.js
./modules/tiny_mce/plugins/nonbreaking/editor_plugin.js
./modules/tiny_mce/plugins/nonbreaking/editor_plugin_src.js
./modules/tiny_mce/plugins/noneditable/editor_plugin.js
./modules/tiny_mce/plugins/noneditable/editor_plugin_src.js
./modules/tiny_mce/plugins/pagebreak/editor_plugin.js
./modules/tiny_mce/plugins/pagebreak/editor_plugin_src.js
./modules/tiny_mce/plugins/paste/editor_plugin.js
./modules/tiny_mce/plugins/paste/editor_plugin_src.js
./modules/tiny_mce/plugins/paste/js/pastetext.js
./modules/tiny_mce/plugins/paste/js/pasteword.js
./modules/tiny_mce/plugins/paste/langs/de_dlg.js
./modules/tiny_mce/plugins/paste/langs/en_dlg.js
./modules/tiny_mce/plugins/paste/langs/ru_dlg.js
./modules/tiny_mce/plugins/preview/editor_plugin.js
./modules/tiny_mce/plugins/preview/editor_plugin_src.js
./modules/tiny_mce/plugins/preview/jscripts/embed.js
./modules/tiny_mce/plugins/print/editor_plugin.js
./modules/tiny_mce/plugins/print/editor_plugin_src.js
./modules/tiny_mce/plugins/safari/editor_plugin.js
./modules/tiny_mce/plugins/safari/editor_plugin_src.js
./modules/tiny_mce/plugins/save/editor_plugin.js
./modules/tiny_mce/plugins/save/editor_plugin_src.js
./modules/tiny_mce/plugins/searchreplace/editor_plugin.js
./modules/tiny_mce/plugins/searchreplace/editor_plugin_src.js
./modules/tiny_mce/plugins/searchreplace/js/searchreplace.js
./modules/tiny_mce/plugins/searchreplace/langs/de_dlg.js
./modules/tiny_mce/plugins/searchreplace/langs/en_dlg.js
./modules/tiny_mce/plugins/searchreplace/langs/ru_dlg.js
./modules/tiny_mce/plugins/spellchecker/editor_plugin.js
./modules/tiny_mce/plugins/spellchecker/editor_plugin_src.js
./modules/tiny_mce/plugins/style/editor_plugin.js
./modules/tiny_mce/plugins/style/editor_plugin_src.js
./modules/tiny_mce/plugins/style/js/props.js
./modules/tiny_mce/plugins/style/langs/de_dlg.js
./modules/tiny_mce/plugins/style/langs/en_dlg.js
./modules/tiny_mce/plugins/style/langs/ru_dlg.js
./modules/tiny_mce/plugins/table/editor_plugin.js
./modules/tiny_mce/plugins/table/editor_plugin_src.js
./modules/tiny_mce/plugins/table/js/cell.js
./modules/tiny_mce/plugins/table/js/merge_cells.js
./modules/tiny_mce/plugins/table/js/row.js
./modules/tiny_mce/plugins/table/js/table.js
./modules/tiny_mce/plugins/table/langs/de_dlg.js
./modules/tiny_mce/plugins/table/langs/en_dlg.js
./modules/tiny_mce/plugins/table/langs/ru_dlg.js
./modules/tiny_mce/plugins/template/editor_plugin.js
./modules/tiny_mce/plugins/template/editor_plugin_src.js
./modules/tiny_mce/plugins/template/js/template.js
./modules/tiny_mce/plugins/template/langs/de_dlg.js
./modules/tiny_mce/plugins/template/langs/en_dlg.js
./modules/tiny_mce/plugins/template/langs/ru_dlg.js
./modules/tiny_mce/plugins/visualchars/editor_plugin.js
./modules/tiny_mce/plugins/visualchars/editor_plugin_src.js
./modules/tiny_mce/plugins/xhtmlxtras/editor_plugin.js
./modules/tiny_mce/plugins/xhtmlxtras/editor_plugin_src.js
./modules/tiny_mce/plugins/xhtmlxtras/js/abbr.js
./modules/tiny_mce/plugins/xhtmlxtras/js/acronym.js
./modules/tiny_mce/plugins/xhtmlxtras/js/attributes.js
./modules/tiny_mce/plugins/xhtmlxtras/js/cite.js
./modules/tiny_mce/plugins/xhtmlxtras/js/del.js
./modules/tiny_mce/plugins/xhtmlxtras/js/element_common.js
./modules/tiny_mce/plugins/xhtmlxtras/js/ins.js
./modules/tiny_mce/plugins/xhtmlxtras/langs/de_dlg.js
./modules/tiny_mce/plugins/xhtmlxtras/langs/en_dlg.js
./modules/tiny_mce/plugins/xhtmlxtras/langs/ru_dlg.js
./modules/tiny_mce/themes/advanced/editor_template.js
./modules/tiny_mce/themes/advanced/editor_template_src.js
./modules/tiny_mce/themes/advanced/js/about.js
./modules/tiny_mce/themes/advanced/js/anchor.js
./modules/tiny_mce/themes/advanced/js/charmap.js
./modules/tiny_mce/themes/advanced/js/color_picker.js
./modules/tiny_mce/themes/advanced/js/image.js
./modules/tiny_mce/themes/advanced/js/link.js
./modules/tiny_mce/themes/advanced/js/source_editor.js
./modules/tiny_mce/themes/advanced/langs/de_dlg.js
./modules/tiny_mce/themes/advanced/langs/de.js
./modules/tiny_mce/themes/advanced/langs/en_dlg.js
./modules/tiny_mce/themes/advanced/langs/en.js
./modules/tiny_mce/themes/advanced/langs/ru_dlg.js
./modules/tiny_mce/themes/advanced/langs/ru.js
./modules/tiny_mce/themes/simple/editor_template.js
./modules/tiny_mce/themes/simple/editor_template_src.js
./modules/tiny_mce/themes/simple/langs/de.js
./modules/tiny_mce/themes/simple/langs/en.js
./modules/tiny_mce/themes/simple/langs/ru.js
./modules/tiny_mce/tiny_mce.js
./modules/tiny_mce/tiny_mce_popup.js
./modules/tiny_mce/tiny_mce_src.js
./modules/tiny_mce/utils/editable_selects.js
./modules/tiny_mce/utils/form_utils.js
./modules/tiny_mce/utils/mctabs.js
./modules/tiny_mce/utils/validate.js
./paint/paint.js
./sms/biblioteka_jquery.js
./sms/tab.js
./snow.js
